PayHelper25/proguard/seeds.txt
com.tools.payhelper.CustomApplcation
com.tools.payhelper.CustomApplcation: CustomApplcation()
com.tools.payhelper.DaemonService
com.tools.payhelper.DaemonService: DaemonService()
com.tools.payhelper.Main
com.tools.payhelper.Main: java.lang.String WECHAT_PACKAGE
com.tools.payhelper.Main: java.lang.String ALIPAY_PACKAGE
com.tools.payhelper.Main: boolean WECHAT_PACKAGE_ISHOOK
com.tools.payhelper.Main: boolean ALIPAY_PACKAGE_ISHOOK
com.tools.payhelper.Main: Main()
com.tools.payhelper.Main: void handleLoadPackage(de.robv.android.xposed.callbacks.XC_LoadPackage$LoadPackageParam)
com.tools.payhelper.Main: boolean access$0(com.tools.payhelper.Main)
com.tools.payhelper.Main: void access$1(com.tools.payhelper.Main,boolean)
com.tools.payhelper.Main: boolean access$2(com.tools.payhelper.Main)
com.tools.payhelper.Main: void access$3(com.tools.payhelper.Main,boolean)
com.tools.payhelper.MainActivity
com.tools.payhelper.MainActivity: MainActivity()
com.tools.payhelper.R$dimen: int activity_horizontal_margin
com.tools.payhelper.R$dimen: int activity_vertical_margin
com.tools.payhelper.R$drawable: int btn_back_grey
com.tools.payhelper.R$drawable: int ic_launcher
com.tools.payhelper.R$id: int action_settings
com.tools.payhelper.R$id: int back
com.tools.payhelper.R$id: int console
com.tools.payhelper.R$id: int et_wxid
com.tools.payhelper.R$id: int ibtn_back
com.tools.payhelper.R$id: int notifyurl
com.tools.payhelper.R$id: int returnurl
com.tools.payhelper.R$id: int rl_back
com.tools.payhelper.R$id: int rl_top_bar
com.tools.payhelper.R$id: int save
com.tools.payhelper.R$id: int setting
com.tools.payhelper.R$id: int signkey
com.tools.payhelper.R$id: int start_alipay
com.tools.payhelper.R$id: int start_wechat
com.tools.payhelper.R$id: int title_divider
com.tools.payhelper.R$id: int tv_top_title
com.tools.payhelper.R$layout: int activity_main
com.tools.payhelper.R$layout: int activity_setting
com.tools.payhelper.R$menu: int main
com.tools.payhelper.R$string: int action_settings
com.tools.payhelper.R$string: int app_name
com.tools.payhelper.R$string: int hello_world
com.tools.payhelper.R$style: int AppBaseTheme
com.tools.payhelper.R$style: int AppTheme
com.tools.payhelper.R$style: int MyDialogStyle
com.tools.payhelper.SettingActivity
com.tools.payhelper.SettingActivity: SettingActivity()
com.tools.payhelper.SettingActivity: void onClick(android.view.View)
com.tools.payhelper.utils.OrderBean
com.tools.payhelper.utils.OrderBean: long serialVersionUID
com.tools.payhelper.utils.OrderBean: java.lang.String money
com.tools.payhelper.utils.OrderBean: java.lang.String mark
com.tools.payhelper.utils.OrderBean: java.lang.String type
com.tools.payhelper.utils.OrderBean: java.lang.String no
com.tools.payhelper.utils.OrderBean: java.lang.String dt
com.tools.payhelper.utils.OrderBean: OrderBean(java.lang.String,java.lang.String,java.lang.String,java.lang.String,java.lang.String)
com.tools.payhelper.utils.OrderBean: OrderBean()
com.tools.payhelper.utils.OrderBean: java.lang.String getMoney()
com.tools.payhelper.utils.OrderBean: void setMoney(java.lang.String)
com.tools.payhelper.utils.OrderBean: java.lang.String getMark()
com.tools.payhelper.utils.OrderBean: void setMark(java.lang.String)
com.tools.payhelper.utils.OrderBean: java.lang.String getType()
com.tools.payhelper.utils.OrderBean: void setType(java.lang.String)
com.tools.payhelper.utils.OrderBean: java.lang.String getNo()
com.tools.payhelper.utils.OrderBean: void setNo(java.lang.String)
com.tools.payhelper.utils.OrderBean: java.lang.String getDt()
com.tools.payhelper.utils.OrderBean: void setDt(java.lang.String)
...
android.support.v4.widget.CursorFilter$CursorFilterClient
android.support.v4.widget.CursorFilter$CursorFilterClient: java.lang.CharSequence convertToString(android.database.Cursor)
android.support.v4.widget.CursorFilter$CursorFilterClient: android.database.Cursor runQueryOnBackgroundThread(java.lang.CharSequence)
android.support.v4.widget.CursorFilter$CursorFilterClient: android.database.Cursor getCursor()
android.support.v4.widget.CursorFilter$CursorFilterClient: void changeCursor(android.database.Cursor)
android.support.v4.widget.DrawerLayout
android.support.v4.widget.DrawerLayout: java.lang.String TAG
android.support.v4.widget.DrawerLayout: int STATE_IDLE
android.support.v4.widget.DrawerLayout: int STATE_DRAGGING
android.support.v4.widget.DrawerLayout: int STATE_SETTLING
android.support.v4.widget.DrawerLayout: int LOCK_MODE_UNLOCKED
android.support.v4.widget.DrawerLayout: int LOCK_MODE_LOCKED_CLOSED
android.support.v4.widget.DrawerLayout: int LOCK_MODE_LOCKED_OPEN
android.support.v4.widget.DrawerLayout: int MIN_DRAWER_MARGIN
android.support.v4.widget.DrawerLayout: int DEFAULT_SCRIM_COLOR
android.support.v4.widget.DrawerLayout: int PEEK_DELAY
android.support.v4.widget.DrawerLayout: int MIN_FLING_VELOCITY
android.support.v4.widget.DrawerLayout: boolean ALLOW_EDGE_LOCK
android.support.v4.widget.DrawerLayout: boolean CHILDREN_DISALLOW_INTERCEPT
android.support.v4.widget.DrawerLayout: float TOUCH_SLOP_SENSITIVITY
android.support.v4.widget.DrawerLayout: int[] LAYOUT_ATTRS
android.support.v4.widget.DrawerLayout: int mMinDrawerMargin
android.support.v4.widget.DrawerLayout: int mScrimColor
android.support.v4.widget.DrawerLayout: float mScrimOpacity
android.support.v4.widget.DrawerLayout: android.graphics.Paint mScrimPaint
android.support.v4.widget.DrawerLayout: android.support.v4.widget.ViewDragHelper mLeftDragger
android.support.v4.widget.DrawerLayout: android.support.v4.widget.ViewDragHelper mRightDragger
android.support.v4.widget.DrawerLayout$AccessibilityDelegate
android.support.v4.widget.DrawerLayout$AccessibilityDelegate: android.graphics.Rect mTmpRect
android.support.v4.widget.DrawerLayout$AccessibilityDelegate: android.support.v4.widget.DrawerLayout this$0
android.support.v4.widget.DrawerLayout$AccessibilityDelegate: DrawerLayout$AccessibilityDelegate(android.support.v4.widget.DrawerLayout)
android.support.v4.widget.DrawerLayout$AccessibilityDelegate: void onInitializeAccessibilityNodeInfo(android.view.View,android.support.v4.view.accessibility.AccessibilityNodeInfoCompat)
android.support.v4.widget.DrawerLayout$AccessibilityDelegate: boolean onRequestSendAccessibilityEvent(android.view.ViewGroup,android.view.View,android.view.accessibility.AccessibilityEvent)
android.support.v4.widget.DrawerLayout$AccessibilityDelegate: boolean filter(android.view.View)
android.support.v4.widget.DrawerLayout$AccessibilityDelegate: void copyNodeInfoNoChildren(android.support.v4.view.accessibility.AccessibilityNodeInfoCompat,android.support.v4.view.accessibility.AccessibilityNodeInfoCompat)
android.support.v4.widget.DrawerLayout$DrawerListener
android.support.v4.widget.DrawerLayout$DrawerListener: void onDrawerSlide(android.view.View,float)
android.support.v4.widget.DrawerLayout$DrawerListener: void onDrawerOpened(android.view.View)
android.support.v4.widget.DrawerLayout$DrawerListener: void onDrawerClosed(android.view.View)
android.support.v4.widget.DrawerLayout$DrawerListener: void onDrawerStateChanged(int)