PayHelper25/proguard/mapping.txt
com.tools.payhelper.CustomApplcation -> com.tools.payhelper.CustomApplcation:
    com.tools.payhelper.CustomApplcation mInstance -> a
    android.content.Context context -> b
    23:26:void onCreate() -> onCreate
    29:29:com.tools.payhelper.CustomApplcation getInstance() -> a
com.tools.payhelper.DaemonService -> com.tools.payhelper.DaemonService:
    26:26:android.os.IBinder onBind(android.content.Intent) -> onBind
    32:45:void onCreate() -> onCreate
    52:52:int onStartCommand(android.content.Intent,int,int) -> onStartCommand
    58:67:void onDestroy() -> onDestroy
com.tools.payhelper.Main -> com.tools.payhelper.Main:
    java.lang.String WECHAT_PACKAGE -> WECHAT_PACKAGE
    java.lang.String ALIPAY_PACKAGE -> ALIPAY_PACKAGE
    boolean WECHAT_PACKAGE_ISHOOK -> WECHAT_PACKAGE_ISHOOK
    boolean ALIPAY_PACKAGE_ISHOOK -> ALIPAY_PACKAGE_ISHOOK
    29:84:void handleLoadPackage(de.robv.android.xposed.callbacks.XC_LoadPackage$LoadPackageParam) -> handleLoadPackage
    24:24:boolean access$0(com.tools.payhelper.Main) -> access$0
    24:24:void access$1(com.tools.payhelper.Main,boolean) -> access$1
    25:25:boolean access$2(com.tools.payhelper.Main) -> access$2
    25:25:void access$3(com.tools.payhelper.Main,boolean) -> access$3
com.tools.payhelper.Main$1 -> com.tools.payhelper.Main$1:
    com.tools.payhelper.Main this$0 -> a
    java.lang.String val$processName -> b
    java.lang.String val$packageName -> c
com.tools.payhelper.Main$2 -> com.tools.payhelper.Main$2:
    com.tools.payhelper.Main this$0 -> a
    java.lang.String val$processName -> b
    java.lang.String val$packageName -> c
com.tools.payhelper.MainActivity -> com.tools.payhelper.MainActivity:
    android.widget.TextView console -> a
    com.tools.payhelper.MainActivity$BillReceived billReceived -> f
    java.lang.String BILLRECEIVED_ACTION -> b
    java.lang.String QRCODERECEIVED_ACTION -> c
    java.lang.String MSGRECEIVED_ACTION -> d
    com.tools.payhelper.WebServer mVideoServer -> g
    android.os.Handler handler -> e
    49:102:void onCreate(android.os.Bundle) -> onCreate
    122:125:void onDestroy() -> onDestroy
    128:129:void onResume() -> onResume
    133:147:void sendmsg(java.lang.String) -> a
    151:152:void onBackPressed() -> onBackPressed
    156:159:boolean onKeyDown(int,android.view.KeyEvent) -> onKeyDown
com.tools.payhelper.MainActivity$1 -> com.tools.payhelper.MainActivity$1:
    108:117:void handleMessage(android.os.Message) -> handleMessage
com.tools.payhelper.MainActivity$2 -> com.tools.payhelper.MainActivity$2:
    com.tools.payhelper.MainActivity this$0 -> a
    64:70:void onClick(android.view.View) -> onClick
com.tools.payhelper.MainActivity$3 -> com.tools.payhelper.MainActivity$3:
    com.tools.payhelper.MainActivity this$0 -> a
    77:83:void onClick(android.view.View) -> onClick
com.tools.payhelper.MainActivity$4 -> com.tools.payhelper.MainActivity$4:
    com.tools.payhelper.MainActivity this$0 -> a
    90:92:void onClick(android.view.View) -> onClick
com.tools.payhelper.MainActivity$BillReceived -> com.tools.payhelper.MainActivity$a:
    com.tools.payhelper.MainActivity this$0 -> a
    167:200:void onReceive(android.content.Context,android.content.Intent) -> onReceive
    203:240:void notify(java.lang.String,java.lang.String,java.lang.String,java.lang.String,java.lang.String) -> a
com.tools.payhelper.MainActivity$BillReceived$1 -> com.tools.payhelper.MainActivity$a$1:
    com.tools.payhelper.MainActivity$BillReceived this$1 -> a
    227:228:void onFailure(com.lidroid.xutils.exception.HttpException,java.lang.String) -> onFailure
    232:238:void onSuccess(com.lidroid.xutils.http.ResponseInfo) -> onSuccess
...
com.lidroid.xutils.http.HttpHandler$State -> com.lidroid.xutils.http.HttpHandler$State:
    com.lidroid.xutils.http.HttpHandler$State WAITING -> WAITING
    com.lidroid.xutils.http.HttpHandler$State STARTED -> STARTED
    com.lidroid.xutils.http.HttpHandler$State LOADING -> LOADING
    com.lidroid.xutils.http.HttpHandler$State FAILURE -> FAILURE
    com.lidroid.xutils.http.HttpHandler$State CANCELLED -> CANCELLED
    com.lidroid.xutils.http.HttpHandler$State SUCCESS -> SUCCESS
    int value -> value
    com.lidroid.xutils.http.HttpHandler$State[] ENUM$VALUES -> ENUM$VALUES
    321:335:com.lidroid.xutils.http.HttpHandler$State valueOf(int) -> valueOf
    340:340:int value() -> value
    1:1:com.lidroid.xutils.http.HttpHandler$State[] values() -> values
    1:1:com.lidroid.xutils.http.HttpHandler$State valueOf(java.lang.String) -> valueOf
com.lidroid.xutils.http.RequestParams -> com.lidroid.xutils.http.RequestParams:
    java.lang.String charset -> charset
    java.util.List headers -> headers
    java.util.List queryStringParams -> queryStringParams
    org.apache.http.HttpEntity bodyEntity -> bodyEntity
    java.util.List bodyParams -> bodyParams
    java.util.HashMap fileParams -> fileParams
    com.lidroid.xutils.task.Priority priority -> priority
    67:67:com.lidroid.xutils.task.Priority getPriority() -> getPriority
    71:72:void setPriority(com.lidroid.xutils.task.Priority) -> setPriority
    75:75:java.lang.String getCharset() -> getCharset
    79:80:void setContentType(java.lang.String) -> setContentType
    88:92:void addHeader(org.apache.http.Header) -> addHeader
    101:105:void addHeader(java.lang.String,java.lang.String) -> addHeader
    113:119:void addHeaders(java.util.List) -> addHeaders
    128:132:void setHeader(org.apache.http.Header) -> setHeader
    142:146:void setHeader(java.lang.String,java.lang.String) -> setHeader
    154:160:void setHeaders(java.util.List) -> setHeaders
    163:167:void addQueryStringParameter(java.lang.String,java.lang.String) -> addQueryStringParameter
    170:174:void addQueryStringParameter(org.apache.http.NameValuePair) -> addQueryStringParameter
    177:185:void addQueryStringParameter(java.util.List) -> addQueryStringParameter
    188:192:void addBodyParameter(java.lang.String,java.lang.String) -> addBodyParameter
com.lidroid.xutils.http.RequestParams$HeaderItem -> com.lidroid.xutils.http.RequestParams$HeaderItem:
    boolean overwrite -> overwrite
    org.apache.http.Header header -> header
    com.lidroid.xutils.http.RequestParams this$0 -> this$0
com.lidroid.xutils.http.ResponseInfo -> com.lidroid.xutils.http.ResponseInfo:
    org.apache.http.HttpResponse response -> response
    java.lang.Object result -> result
    boolean resultFormCache -> resultFormCache
    java.util.Locale locale -> locale
    int statusCode -> statusCode
    org.apache.http.ProtocolVersion protocolVersion -> protocolVersion
    java.lang.String reasonPhrase -> reasonPhrase
    long contentLength -> contentLength
    org.apache.http.Header contentType -> contentType
    org.apache.http.Header contentEncoding -> contentEncoding
    31:32:org.apache.http.Header[] getAllHeaders() -> getAllHeaders
    36:37:org.apache.http.Header[] getHeaders(java.lang.String) -> getHeaders
    41:42:org.apache.http.Header getFirstHeader(java.lang.String) -> getFirstHeader
    46:47:org.apache.http.Header getLastHeader(java.lang.String) -> getLastHeader