PayHelper25/proguard/usage.txt
com.tools.payhelper.AliPayHook
com.tools.payhelper.AliPayHook$1
com.tools.payhelper.AliPayHook$2
com.tools.payhelper.AliPayHook$3
com.tools.payhelper.AliPayHook$4
com.tools.payhelper.AliPayHook$5
com.tools.payhelper.AliPayHook$6
com.tools.payhelper.AliPayHook$7
com.tools.payhelper.AliPayHook$8
com.tools.payhelper.BuildConfig
com.tools.payhelper.CustomApplcation:
    33:33:public static android.content.Context getContext()
com.tools.payhelper.DaemonService:
    private static final java.lang.String TAG
    public static final int NOTICE_ID
com.tools.payhelper.Main$1:
    40:54:protected void afterHookedMethod(de.robv.android.xposed.XC_MethodHook$MethodHookParam)
com.tools.payhelper.Main$2:
    64:78:protected void afterHookedMethod(de.robv.android.xposed.XC_MethodHook$MethodHookParam)
com.tools.payhelper.Main$StartAlipayReceived
com.tools.payhelper.Main$StartWechatReceived
com.tools.payhelper.R
com.tools.payhelper.R$attr
com.tools.payhelper.R$dimen
com.tools.payhelper.R$drawable
com.tools.payhelper.R$id
com.tools.payhelper.R$layout
com.tools.payhelper.R$menu
com.tools.payhelper.R$string
com.tools.payhelper.R$style
com.tools.payhelper.WebServer:
    public static final int DEFAULT_SERVER_PORT
    private static final java.lang.String REQUEST_ROOT
    private static final java.lang.String REQUEST_WECHAT
    private static final java.lang.String REQUEST_GETPAY
    private static final java.lang.String REQUEST_QUERY
    private static final java.lang.String REQUEST_GETRESULT
    215:215:protected java.lang.String getQuotaStr(java.lang.String)
com.tools.payhelper.WechatHook
com.tools.payhelper.WechatHook$1
com.tools.payhelper.WechatHook$2
com.tools.payhelper.WechatHook$3
com.tools.payhelper.utils.AbSharedUtil:
    private static final java.lang.String SHARED_PATH
    18:18:public AbSharedUtil()
    27:31:public static void putInt(android.content.Context,java.lang.String,int)
    34:35:public static int getInt(android.content.Context,java.lang.String)
    51:55:public static void putBoolean(android.content.Context,java.lang.String,boolean)
    58:59:public static boolean getBoolean(android.content.Context,java.lang.String,boolean)
com.tools.payhelper.utils.BitmapUtil:
    28:28:public BitmapUtil()
    32:51:public static android.graphics.Bitmap createQRCode(java.lang.String,int)
com.tools.payhelper.utils.DBManager:
    39:52:public java.util.ArrayList FindQrCodes(java.lang.String,java.lang.String,java.lang.String)
    71:84:public java.util.ArrayList FindOrders(java.lang.String,java.lang.String,java.lang.String)
com.tools.payhelper.utils.ImageUtils
com.tools.payhelper.utils.JsonHelper
com.tools.payhelper.utils.Logger
com.tools.payhelper.utils.MD5:
    10:10:public MD5()
    38:60:public static java.lang.String md5byte(byte[])
    63:65:public static void main(java.lang.String[])
com.tools.payhelper.utils.PayHelperUtils:
    20:20:public PayHelperUtils()
    46:73:public static java.lang.String imageToBase64(java.lang.String)
com.tools.payhelper.utils.QRUtils
com.tools.payhelper.utils.StringUtils
com.tools.payhelper.utils.Tag
com.tools.payhelper.utils.XmlToJson
com.tools.payhelper.utils.XmlToJson$Builder
...
com.google.myjson.internal.bind.ArrayTypeAdapter$1
com.google.myjson.internal.bind.CollectionTypeAdapterFactory
com.google.myjson.internal.bind.CollectionTypeAdapterFactory$Adapter
com.google.myjson.internal.bind.DateTypeAdapter
com.google.myjson.internal.bind.DateTypeAdapter$1
com.google.myjson.internal.bind.JsonAdapterAnnotationTypeAdapterFactory
com.google.myjson.internal.bind.JsonTreeReader
com.google.myjson.internal.bind.JsonTreeReader$1
com.google.myjson.internal.bind.JsonTreeWriter
com.google.myjson.internal.bind.JsonTreeWriter$1
com.google.myjson.internal.bind.MapTypeAdapterFactory
com.google.myjson.internal.bind.MapTypeAdapterFactory$Adapter
com.google.myjson.internal.bind.ObjectTypeAdapter
com.google.myjson.internal.bind.ObjectTypeAdapter$1
com.google.myjson.internal.bind.ObjectTypeAdapter$2
com.google.myjson.internal.bind.ReflectiveTypeAdapterFactory
com.google.myjson.internal.bind.ReflectiveTypeAdapterFactory$1
com.google.myjson.internal.bind.ReflectiveTypeAdapterFactory$Adapter
com.google.myjson.internal.bind.ReflectiveTypeAdapterFactory$BoundField
com.google.myjson.internal.bind.SqlDateTypeAdapter
com.google.myjson.internal.bind.SqlDateTypeAdapter$1
com.google.myjson.internal.bind.TimeTypeAdapter
com.google.myjson.internal.bind.TimeTypeAdapter$1
com.google.myjson.internal.bind.TypeAdapterRuntimeTypeWrapper
com.google.myjson.internal.bind.TypeAdapters
com.google.myjson.internal.bind.TypeAdapters$1
com.google.myjson.internal.bind.TypeAdapters$10
com.google.myjson.internal.bind.TypeAdapters$11
com.google.myjson.internal.bind.TypeAdapters$12
com.google.myjson.internal.bind.TypeAdapters$13
com.google.myjson.internal.bind.TypeAdapters$14
com.google.myjson.internal.bind.TypeAdapters$15
com.google.myjson.internal.bind.TypeAdapters$16
com.google.myjson.internal.bind.TypeAdapters$17
com.google.myjson.internal.bind.TypeAdapters$18
com.google.myjson.internal.bind.TypeAdapters$19
com.google.myjson.internal.bind.TypeAdapters$2
com.google.myjson.internal.bind.TypeAdapters$20
com.google.myjson.internal.bind.TypeAdapters$21
com.google.myjson.internal.bind.TypeAdapters$22
com.google.myjson.internal.bind.TypeAdapters$22$1
com.google.myjson.internal.bind.TypeAdapters$23
com.google.myjson.internal.bind.TypeAdapters$24
com.google.myjson.internal.bind.TypeAdapters$25
com.google.myjson.internal.bind.TypeAdapters$26
com.google.myjson.internal.bind.TypeAdapters$27
com.google.myjson.internal.bind.TypeAdapters$28
com.google.myjson.internal.bind.TypeAdapters$29
com.google.myjson.internal.bind.TypeAdapters$3
com.google.myjson.internal.bind.TypeAdapters$30
com.google.myjson.internal.bind.TypeAdapters$31
com.google.myjson.internal.bind.TypeAdapters$32
com.google.myjson.internal.bind.TypeAdapters$4
com.google.myjson.internal.bind.TypeAdapters$5
com.google.myjson.internal.bind.TypeAdapters$6
com.google.myjson.internal.bind.TypeAdapters$7
com.google.myjson.internal.bind.TypeAdapters$8
com.google.myjson.internal.bind.TypeAdapters$9
com.google.myjson.internal.bind.TypeAdapters$EnumTypeAdapter
com.google.myjson.reflect.TypeToken
com.google.myjson.stream.JsonReader
com.google.myjson.stream.JsonReader$1
com.google.myjson.stream.JsonScope
com.google.myjson.stream.JsonToken
com.google.myjson.stream.JsonWriter
com.google.myjson.stream.MalformedJsonException